0 info it worked if it ends with ok
1 verbose cli [ '/Users/jlaster/.nvm/versions/node/v7.0.0/bin/node',
1 verbose cli   '/Users/jlaster/.nvm/versions/node/v7.0.0/bin/npm',
1 verbose cli   'publish' ]
2 info using npm@3.10.8
3 info using node@v7.0.0
4 verbose publish [ '.' ]
5 silly cache add args [ '.', null ]
6 verbose cache add spec .
7 silly cache add parsed spec Result {
7 silly cache add   raw: '.',
7 silly cache add   scope: null,
7 silly cache add   escapedName: null,
7 silly cache add   name: null,
7 silly cache add   rawSpec: '.',
7 silly cache add   spec: '/Users/jlaster/src/mozilla/debugger.html/packages/chrome-remote-debugging-protocol',
7 silly cache add   type: 'directory' }
8 verbose addLocalDirectory /Users/jlaster/.npm/chrome-remote-debugging-protocol/0.0.10/package.tgz not in flight; packing
9 verbose correctMkdir /Users/jlaster/.npm correctMkdir not in flight; initializing
10 info lifecycle chrome-remote-debugging-protocol@0.0.10~prepublish: chrome-remote-debugging-protocol@0.0.10
11 silly lifecycle chrome-remote-debugging-protocol@0.0.10~prepublish: no script for prepublish, continuing
12 verbose tar pack [ '/Users/jlaster/.npm/chrome-remote-debugging-protocol/0.0.10/package.tgz',
12 verbose tar pack   '/Users/jlaster/src/mozilla/debugger.html/packages/chrome-remote-debugging-protocol' ]
13 verbose tarball /Users/jlaster/.npm/chrome-remote-debugging-protocol/0.0.10/package.tgz
14 verbose folder /Users/jlaster/src/mozilla/debugger.html/packages/chrome-remote-debugging-protocol
15 verbose addLocalTarball adding from inside cache /Users/jlaster/.npm/chrome-remote-debugging-protocol/0.0.10/package.tgz
16 verbose correctMkdir /Users/jlaster/.npm correctMkdir not in flight; initializing
17 silly cache afterAdd chrome-remote-debugging-protocol@0.0.10
18 verbose afterAdd /Users/jlaster/.npm/chrome-remote-debugging-protocol/0.0.10/package/package.json not in flight; writing
19 verbose correctMkdir /Users/jlaster/.npm correctMkdir not in flight; initializing
20 verbose afterAdd /Users/jlaster/.npm/chrome-remote-debugging-protocol/0.0.10/package/package.json written
21 silly publish { name: 'chrome-remote-debugging-protocol',
21 silly publish   version: '0.0.10',
21 silly publish   description: 'API for interacting with chrome\'s remote debugger protocol',
21 silly publish   main: 'index.js',
21 silly publish   bin: { 'chrome-remote-debugging-protocol': 'bin/build-bootstrap.js' },
21 silly publish   scripts: { test: 'echo "Error: no test specified" && exit 1' },
21 silly publish   files: [ 'bin', 'src' ],
21 silly publish   author: { name: 'Jason Laster' },
21 silly publish   license: 'ISC',
21 silly publish   readme: 'ERROR: No README data found!',
21 silly publish   _id: 'chrome-remote-debugging-protocol@0.0.10',
21 silly publish   _shasum: '0d364cbc3c0f18f43e3cdcd908c8b06f702a6dee',
21 silly publish   _from: '.' }
22 verbose getPublishConfig undefined
23 silly mapToRegistry name chrome-remote-debugging-protocol
24 silly mapToRegistry using default registry
25 silly mapToRegistry registry https://registry.npmjs.org/
26 silly mapToRegistry data Result {
26 silly mapToRegistry   raw: 'chrome-remote-debugging-protocol',
26 silly mapToRegistry   scope: null,
26 silly mapToRegistry   escapedName: 'chrome-remote-debugging-protocol',
26 silly mapToRegistry   name: 'chrome-remote-debugging-protocol',
26 silly mapToRegistry   rawSpec: '',
26 silly mapToRegistry   spec: 'latest',
26 silly mapToRegistry   type: 'tag' }
27 silly mapToRegistry uri https://registry.npmjs.org/chrome-remote-debugging-protocol
28 verbose publish registryBase https://registry.npmjs.org/
29 silly publish uploading /Users/jlaster/.npm/chrome-remote-debugging-protocol/0.0.10/package.tgz
30 verbose request uri https://registry.npmjs.org/chrome-remote-debugging-protocol
31 verbose request sending authorization for write operation
32 info attempt registry request try #1 at 11:08:44 PM
33 verbose request using bearer token for auth
34 verbose request id 36ffce9609fb96b6
35 http request PUT https://registry.npmjs.org/chrome-remote-debugging-protocol
36 http 403 https://registry.npmjs.org/chrome-remote-debugging-protocol
37 verbose headers { 'content-type': 'application/json',
37 verbose headers   'cache-control': 'max-age=300',
37 verbose headers   'content-length': '96',
37 verbose headers   'accept-ranges': 'bytes',
37 verbose headers   date: 'Sat, 19 Nov 2016 04:08:45 GMT',
37 verbose headers   via: '1.1 varnish',
37 verbose headers   connection: 'keep-alive',
37 verbose headers   'x-served-by': 'cache-jfk8146-JFK',
37 verbose headers   'x-cache': 'MISS',
37 verbose headers   'x-cache-hits': '0',
37 verbose headers   'x-timer': 'S1479528524.831820,VS0,VE563',
37 verbose headers   vary: 'Accept-Encoding' }
38 verbose request invalidating /Users/jlaster/.npm/registry.npmjs.org/chrome-remote-debugging-protocol on PUT
39 error publish Failed PUT 403
40 verbose stack Error: "You cannot publish over the previously published version 0.0.10." : chrome-remote-debugging-protocol
40 verbose stack     at makeError (/Users/jlaster/.nvm/versions/node/v7.0.0/lib/node_modules/npm/node_modules/npm-registry-client/lib/request.js:302:12)
40 verbose stack     at CachingRegistryClient.<anonymous> (/Users/jlaster/.nvm/versions/node/v7.0.0/lib/node_modules/npm/node_modules/npm-registry-client/lib/request.js:290:14)
40 verbose stack     at Request._callback (/Users/jlaster/.nvm/versions/node/v7.0.0/lib/node_modules/npm/node_modules/npm-registry-client/lib/request.js:210:14)
40 verbose stack     at Request.self.callback (/Users/jlaster/.nvm/versions/node/v7.0.0/lib/node_modules/npm/node_modules/request/request.js:187:22)
40 verbose stack     at emitTwo (events.js:106:13)
40 verbose stack     at Request.emit (events.js:191:7)
40 verbose stack     at Request.<anonymous> (/Users/jlaster/.nvm/versions/node/v7.0.0/lib/node_modules/npm/node_modules/request/request.js:1044:10)
40 verbose stack     at emitOne (events.js:96:13)
40 verbose stack     at Request.emit (events.js:188:7)
40 verbose stack     at IncomingMessage.<anonymous> (/Users/jlaster/.nvm/versions/node/v7.0.0/lib/node_modules/npm/node_modules/request/request.js:965:12)
41 verbose statusCode 403
42 verbose pkgid chrome-remote-debugging-protocol
43 verbose cwd /Users/jlaster/src/mozilla/debugger.html/packages/chrome-remote-debugging-protocol
44 error Darwin 15.6.0
45 error argv "/Users/jlaster/.nvm/versions/node/v7.0.0/bin/node" "/Users/jlaster/.nvm/versions/node/v7.0.0/bin/npm" "publish"
46 error node v7.0.0
47 error npm  v3.10.8
48 error code E403
49 error "You cannot publish over the previously published version 0.0.10." : chrome-remote-debugging-protocol
50 error If you need help, you may report this error at:
50 error     <https://github.com/npm/npm/issues>
51 verbose exit [ 1, true ]
